Thu Dec 19 20:43:40 UTC 2024 - Version: 570cf1c - Atomic: 3.12.0 - Headless: 3.11.0 - Bundle Size: 9120529 bytes
Mon Dec 30 16:13:40 UTC 2024 - Version: e8992ed - Atomic: 3.12.1 - Headless: 3.12.0 - Bundle Size: 9117672 bytes
Fri Jan 10 14:37:05 UTC 2025 - Version: bc6e1b6 - Atomic: 3.13.0 - Headless: 3.13.0 - Bundle Size: 9038108 bytes
Mon Jan 20 13:46:06 UTC 2025 - Version: 16cd962 - Atomic: 3.15.3 - Headless: 3.13.2 - Bundle Size: 8995324 bytes
Fri Jan 24 14:19:49 UTC 2025 - Version: a0c5b06 - Atomic: 3.16.0 - Headless: 3.13.3 - Bundle Size: 8993286 bytes
Tue Feb  4 12:39:53 UTC 2025 - Version: e52f0ef - Atomic: 3.17.0 - Headless: 3.14.0 - Bundle Size: 8996439 bytes
Mon Feb 10 13:23:54 UTC 2025 - Version: c30a21d - Atomic: 3.18.0 - Headless: 3.15.0 - Bundle Size: 8995559 bytes
Mon Feb 17 13:43:05 UTC 2025 - Version: 10bf06d - Atomic: 3.19.0 - Headless: 3.15.1 - Bundle Size: 9001778 bytes
Tue Feb 18 15:14:36 UTC 2025 - Version: 9a94385 - Atomic: 3.19.1 - Headless: 3.16.0 - Bundle Size: 9003340 bytes
Tue Mar 11 18:53:31 UTC 2025 - Version: 94acca2 - Atomic: 3.20.3 - Headless: 3.19.1 - Bundle Size: 17858792 bytes
Tue Apr  1 19:50:26 UTC 2025 - Version: ef1bcbc - Atomic: 3.21.1 - Headless: 3.20.0 - Bundle Size: 17858240 bytes
Mon Apr  7 15:26:34 UTC 2025 - Version: d249f65 - Atomic: 3.22.3 - Headless: 3.22.0 - Bundle Size: 12969585 bytes
Thu Apr 17 12:46:06 UTC 2025 - Version: c022711 - Atomic: 3.22.6 - Headless: 3.22.2 - Bundle Size: 12980474 bytes
Wed Apr 30 18:10:50 UTC 2025 - Version: 781832b - Atomic: 3.22.6 - Headless: 3.22.2 - Bundle Size: 12980608 bytes
Tue May 20 14:31:45 UTC 2025 - Version: 927a272 - Atomic: 3.23.0 - Headless: 3.23.0 - Bundle Size: 13219155 bytes
Mon May 26 15:21:30 UTC 2025 - Version: 6421d51 - Atomic: 3.24.3 - Headless: 3.24.1 - Bundle Size: 13160504 bytes
Sat May 31 21:21:27 UTC 2025 - Version: 9af427a - Atomic: 3.25.0 - Headless: 3.25.0 - Bundle Size: 13161701 bytes
Mon Jun  9 07:12:11 UTC 2025 - Version: af6033d - Atomic: 3.27.0 - Headless: 3.25.2 - Bundle Size: 12920373 bytes
Mon Jun 16 06:56:26 UTC 2025 - Version: d476a5c - Atomic: 3.27.1 - Headless: 3.26.0 - Bundle Size: 12823285 bytes
Mon Jun 23 06:42:23 UTC 2025 - Version: f1e1ec4 - Atomic: 3.27.2 - Headless: 3.26.1 - Bundle Size: 13026914 bytes
Mon Jun 30 05:27:57 UTC 2025 - Version: 2228b7e - Atomic: 3.27.3 - Headless: 3.27.0 - Bundle Size: 12910283 bytes
Mon Jul  7 06:08:28 UTC 2025 - Version: e252595 - Atomic: 3.27.4 - Headless: 3.27.1 - Bundle Size: 10996346 bytes
Mon Jul 14 06:16:21 UTC 2025 - Version: 33f9161 - Atomic: 3.28.0 - Headless: 3.27.2 - Bundle Size: 10732894 bytes
Mon Jul 21 05:58:38 UTC 2025 - Version: ff7ddb3 - Atomic: 3.29.1 - Headless: 3.27.4 - Bundle Size: 10732324 bytes
